[0.000000] (-) TimerEvent: {}
[0.001141] (local) JobQueued: {'identifier': 'local', 'dependencies': OrderedDict()}
[0.021178] (local) JobStarted: {'identifier': 'local'}
[0.105027] (-) TimerEvent: {}
[0.223562] (-) TimerEvent: {}
[0.337586] (-) TimerEvent: {}
[0.442834] (-) TimerEvent: {}
[0.545804] (-) TimerEvent: {}
[0.646678] (-) TimerEvent: {}
[0.748101] (-) TimerEvent: {}
[0.853923] (-) TimerEvent: {}
[0.956460] (-) TimerEvent: {}
[1.057264] (-) TimerEvent: {}
[1.158036] (-) TimerEvent: {}
[1.259279] (-) TimerEvent: {}
[1.361156] (-) TimerEvent: {}
[1.462419] (-) TimerEvent: {}
[1.563401] (-) TimerEvent: {}
[1.665236] (-) TimerEvent: {}
[1.768394] (-) TimerEvent: {}
[1.869833] (-) TimerEvent: {}
[1.979057] (-) TimerEvent: {}
[2.080373] (-) TimerEvent: {}
[2.181743] (-) TimerEvent: {}
[2.282250] (-) TimerEvent: {}
[2.391834] (-) TimerEvent: {}
[2.495918] (-) TimerEvent: {}
[2.599985] (-) TimerEvent: {}
[2.700534] (-) TimerEvent: {}
[2.803863] (-) TimerEvent: {}
[2.905240] (-) TimerEvent: {}
[3.006417] (-) TimerEvent: {}
[3.107580] (-) TimerEvent: {}
[3.208382] (-) TimerEvent: {}
[3.309078] (-) TimerEvent: {}
[3.409571] (-) TimerEvent: {}
[3.513660] (-) TimerEvent: {}
[3.556731] (local) StderrLine: {'line': b'Traceback (most recent call last):\n  File "/usr/lib/python3/dist-packages/colcon_core/executor/__init__.py", line 91, in __call__\n    rc = await self.task(*args, **kwargs)\n  File "/usr/lib/python3/dist-packages/colcon_core/task/__init__.py", line 93, in __call__\n    return await task_method(*args, **kwargs)\n  File "/usr/lib/python3/dist-packages/colcon_ros/task/ament_python/build.py", line 51, in build\n    setup_py_data = get_setup_data(self.context.pkg, env)\n  File "/usr/lib/python3/dist-packages/colcon_core/task/python/__init__.py", line 20, in get_setup_data\n    return dict(pkg.metadata[key](env))\n  File "/usr/lib/python3/dist-packages/colcon_ros/package_augmentation/ros_ament_python.py", line 57, in getter\n    return get_setup_information(\n  File "/usr/lib/python3/dist-packages/colcon_python_setup_py/package_identification/python_setup_py.py", line 249, in get_setup_information\n    _setup_information_cache[hashable_env] = _get_setup_information(\n  File "/usr/lib/python3/dist-packages/colcon_python_setup_py/package_identification/python_setup_py.py", line 296, in _get_setup_information\n    result = subprocess.run(\n  File "/usr/lib/python3.10/subprocess.py", line 526, in run\n    raise CalledProcessError(retcode, process.args,\nsubprocess.CalledProcessError: Command \'[\'/usr/bin/python3\', \'-c\', \'import sys;from contextlib import suppress;exec("with suppress(ImportError):    from setuptools.extern.packaging.specifiers    import SpecifierSet");exec("with suppress(ImportError):    from packaging.specifiers import SpecifierSet");from distutils.core import run_setup;dist = run_setup(    \\\'setup.py\\\', script_args=(\\\'--dry-run\\\',), stop_after=\\\'config\\\');skip_keys = (\\\'cmdclass\\\', \\\'distclass\\\', \\\'ext_modules\\\', \\\'metadata\\\');data = {    key: value for key, value in dist.__dict__.items()     if (        not key.startswith(\\\'_\\\') and         not callable(value) and         key not in skip_keys and         key not in dist.display_option_names    )};data[\\\'metadata\\\'] = {    k: v for k, v in dist.metadata.__dict__.items()     if k not in (\\\'license_files\\\', \\\'provides_extras\\\')};sys.stdout.buffer.write(repr(data).encode(\\\'utf-8\\\'))\']\' returned non-zero exit status 1.\n'}
[3.561788] (local) JobEnded: {'identifier': 'local', 'rc': 1}
[3.578973] (-) EventReactorShutdown: {}
